2021-09-21T13:06:56.302Z ERROR @wdio/appium-service: Appium is not installed locally.
If you use globally installed appium please add
appium: { command: 'appium' }
to your wdio.conf.js!
2021-09-21T13:06:56.303Z ERROR @wdio/utils:initialiseServices: Error: Cannot find module 'appium'
Require stack:
- /Users/enes.erdogan/Desktop/Automation/User-WebDriverIOArchitecture/node_modules/@wdio/appium-service/build/launcher.js
- /Users/enes.erdogan/Desktop/Automation/User-WebDriverIOArchitecture/node_modules/@wdio/appium-service/build/index.js
- /Users/enes.erdogan/Desktop/Automation/User-WebDriverIOArchitecture/node_modules/@wdio/utils/build/utils.js
- /Users/enes.erdogan/Desktop/Automation/User-WebDriverIOArchitecture/node_modules/@wdio/utils/build/initialisePlugin.js
- /Users/enes.erdogan/Desktop/Automation/User-WebDriverIOArchitecture/node_modules/@wdio/utils/build/index.js
- /Users/enes.erdogan/Desktop/Automation/User-WebDriverIOArchitecture/node_modules/@wdio/cli/build/launcher.js
- /Users/enes.erdogan/Desktop/Automation/User-WebDriverIOArchitecture/node_modules/@wdio/cli/build/index.js
- /Users/enes.erdogan/Desktop/Automation/User-WebDriverIOArchitecture/node_modules/@wdio/cli/bin/wdio.js
    at Function.Module._resolveFilename (internal/modules/cjs/loader.js:880:15)
    at Function.resolve (internal/modules/cjs/helpers.js:94:19)
    at Function._getAppiumCommand (/Users/enes.erdogan/Desktop/Automation/User-WebDriverIOArchitecture/node_modules/@wdio/appium-service/build/launcher.js:127:28)
    at AppiumLauncher._getCommand (/Users/enes.erdogan/Desktop/Automation/User-WebDriverIOArchitecture/node_modules/@wdio/appium-service/build/launcher.js:41:53)
    at new AppiumLauncher (/Users/enes.erdogan/Desktop/Automation/User-WebDriverIOArchitecture/node_modules/@wdio/appium-service/build/launcher.js:32:30)
    at Object.initialiseLauncherService (/Users/enes.erdogan/Desktop/Automation/User-WebDriverIOArchitecture/node_modules/@wdio/utils/build/initialiseServices.js:100:39)
    at Launcher.run (/Users/enes.erdogan/Desktop/Automation/User-WebDriverIOArchitecture/node_modules/@wdio/cli/build/launcher.js:73:73)
    at launch (/Users/enes.erdogan/Desktop/Automation/User-WebDriverIOArchitecture/node_modules/@wdio/cli/build/commands/run.js:126:21)
    at Object.handler (/Users/enes.erdogan/Desktop/Automation/User-WebDriverIOArchitecture/node_modules/@wdio/cli/build/commands/run.js:164:16)
    at /Users/enes.erdogan/Desktop/Automation/User-WebDriverIOArchitecture/node_modules/yargs/build/index.cjs:1:9052
2021-09-21T13:06:56.319Z INFO @wdio/cli:launcher: Run onPrepare hook
2021-09-21T13:06:56.320Z INFO @wdio/cli:launcher: Run onWorkerStart hook
2021-09-21T13:06:56.321Z INFO @wdio/local-runner: Start worker 0-0 with arg: run,./config/capabilities/wdio.android.app.conf.js
2021-09-21T13:08:38.295Z INFO @wdio/local-runner: Shutting down spawned worker
2021-09-21T13:08:38.548Z INFO @wdio/local-runner: Waiting for 1 to shut down gracefully
2021-09-21T13:08:38.804Z INFO @wdio/local-runner: Waiting for 0 to shut down gracefully
