2021-09-21T13:06:56.741Z INFO @wdio/local-runner: Run worker command: run
2021-09-21T13:06:57.063Z INFO webdriver: Initiate new session using the WebDriver protocol
2021-09-21T13:06:57.094Z INFO webdriver: [POST] http://127.0.0.1:4723/wd/hub/session
2021-09-21T13:06:57.094Z INFO webdriver: DATA {
  capabilities: {
    alwaysMatch: {
      platformName: 'Android',
      platformVersion: '11',
      deviceName: 'Redmi Note 9 Pro',
      udid: '5a7b5e20',
      appPackage: 'com.modanisa.debug',
      appActivity: 'com.modanisa.activity.SplashActivity'
    },
    firstMatch: [ {} ]
  },
  desiredCapabilities: {
    platformName: 'Android',
    platformVersion: '11',
    deviceName: 'Redmi Note 9 Pro',
    udid: '5a7b5e20',
    appPackage: 'com.modanisa.debug',
    appActivity: 'com.modanisa.activity.SplashActivity'
  }
}
2021-09-21T13:07:04.120Z INFO webdriver: COMMAND findElement("-android uiautomator", "new UiSelector().resourceId("com.modanisa.debug:id/logo")")
2021-09-21T13:07:04.121Z INFO webdriver: [POST] http://127.0.0.1:4723/wd/hub/session/c9554dcb-3e50-40b0-8d3f-0d02586e7314/element
2021-09-21T13:07:04.121Z INFO webdriver: DATA {
  using: '-android uiautomator',
  value: 'new UiSelector().resourceId("com.modanisa.debug:id/logo")'
}
2021-09-21T13:07:04.350Z INFO webdriver: RESULT {
  error: 'no such element',
  message: 'An element could not be located on the page using the given search parameters.',
  stacktrace: 'NoSuchElementError: An element could not be located on the page using the given search parameters.\n' +
    '    at AndroidUiautomator2Driver.findElOrEls (/Applications/Appium.app/Contents/Resources/app/node_modules/appium/node_modules/appium-android-driver/lib/commands/find.js:75:11)\n' +
    '    at runMicrotasks (<anonymous>)\n' +
    '    at processTicksAndRejections (internal/process/task_queues.js:85:5)'
}
2021-09-21T13:07:04.359Z INFO webdriver: COMMAND findElements("-android uiautomator", "new UiSelector().resourceId("com.modanisa.debug:id/logo")")
2021-09-21T13:07:04.359Z INFO webdriver: [POST] http://127.0.0.1:4723/wd/hub/session/c9554dcb-3e50-40b0-8d3f-0d02586e7314/elements
2021-09-21T13:07:04.359Z INFO webdriver: DATA {
  using: '-android uiautomator',
  value: 'new UiSelector().resourceId("com.modanisa.debug:id/logo")'
}
2021-09-21T13:07:04.398Z INFO webdriver: RESULT []
2021-09-21T13:07:04.862Z INFO webdriver: COMMAND findElements("-android uiautomator", "new UiSelector().resourceId("com.modanisa.debug:id/logo")")
2021-09-21T13:07:04.864Z INFO webdriver: [POST] http://127.0.0.1:4723/wd/hub/session/c9554dcb-3e50-40b0-8d3f-0d02586e7314/elements
2021-09-21T13:07:04.864Z INFO webdriver: DATA {
  using: '-android uiautomator',
  value: 'new UiSelector().resourceId("com.modanisa.debug:id/logo")'
}
2021-09-21T13:07:04.913Z INFO webdriver: RESULT []
2021-09-21T13:07:05.362Z INFO webdriver: COMMAND findElements("-android uiautomator", "new UiSelector().resourceId("com.modanisa.debug:id/logo")")
2021-09-21T13:07:05.362Z INFO webdriver: [POST] http://127.0.0.1:4723/wd/hub/session/c9554dcb-3e50-40b0-8d3f-0d02586e7314/elements
2021-09-21T13:07:05.362Z INFO webdriver: DATA {
  using: '-android uiautomator',
  value: 'new UiSelector().resourceId("com.modanisa.debug:id/logo")'
}
2021-09-21T13:07:06.585Z INFO webdriver: RESULT [
  {
    'element-6066-11e4-a52e-4f735466cecf': 'f0799a21-243d-456b-86d3-aa5193b38fe5',
    ELEMENT: 'f0799a21-243d-456b-86d3-aa5193b38fe5'
  }
]
2021-09-21T13:07:06.594Z INFO webdriver: COMMAND findElement("-android uiautomator", "new UiSelector().resourceId("com.modanisa.debug:id/logo")")
2021-09-21T13:07:06.594Z INFO webdriver: [POST] http://127.0.0.1:4723/wd/hub/session/c9554dcb-3e50-40b0-8d3f-0d02586e7314/element
2021-09-21T13:07:06.594Z INFO webdriver: DATA {
  using: '-android uiautomator',
  value: 'new UiSelector().resourceId("com.modanisa.debug:id/logo")'
}
2021-09-21T13:07:06.682Z INFO webdriver: RESULT {
  'element-6066-11e4-a52e-4f735466cecf': '5e896fa6-01fb-4a55-baf6-0904772263e4',
  ELEMENT: '5e896fa6-01fb-4a55-baf6-0904772263e4'
}
2021-09-21T13:07:06.687Z INFO webdriver: COMMAND isElementDisplayed("5e896fa6-01fb-4a55-baf6-0904772263e4")
2021-09-21T13:07:06.687Z INFO webdriver: [GET] http://127.0.0.1:4723/wd/hub/session/c9554dcb-3e50-40b0-8d3f-0d02586e7314/element/5e896fa6-01fb-4a55-baf6-0904772263e4/displayed
2021-09-21T13:07:06.801Z INFO webdriver: RESULT true
2021-09-21T13:07:06.804Z INFO webdriver: COMMAND findElement("-android uiautomator", "new UiSelector().resourceId("com.modanisa.debug:id/logo")")
2021-09-21T13:07:06.805Z INFO webdriver: [POST] http://127.0.0.1:4723/wd/hub/session/c9554dcb-3e50-40b0-8d3f-0d02586e7314/element
2021-09-21T13:07:06.805Z INFO webdriver: DATA {
  using: '-android uiautomator',
  value: 'new UiSelector().resourceId("com.modanisa.debug:id/logo")'
}
2021-09-21T13:07:06.858Z INFO webdriver: RESULT {
  'element-6066-11e4-a52e-4f735466cecf': '3de6c1ed-67b1-44b1-9888-ed39b104cee3',
  ELEMENT: '3de6c1ed-67b1-44b1-9888-ed39b104cee3'
}
2021-09-21T13:07:06.864Z INFO webdriver: COMMAND findElements("-android uiautomator", "new UiSelector().resourceId("com.modanisa.debug:id/logo")")
2021-09-21T13:07:06.864Z INFO webdriver: [POST] http://127.0.0.1:4723/wd/hub/session/c9554dcb-3e50-40b0-8d3f-0d02586e7314/elements
2021-09-21T13:07:06.864Z INFO webdriver: DATA {
  using: '-android uiautomator',
  value: 'new UiSelector().resourceId("com.modanisa.debug:id/logo")'
}
2021-09-21T13:07:06.993Z INFO webdriver: RESULT [
  {
    'element-6066-11e4-a52e-4f735466cecf': '19305ff1-9bbe-4c76-8ec0-a728fbe5934f',
    ELEMENT: '19305ff1-9bbe-4c76-8ec0-a728fbe5934f'
  }
]
2021-09-21T13:07:06.997Z INFO webdriver: COMMAND findElement("-android uiautomator", "new UiSelector().resourceId("com.modanisa.debug:id/logo")")
2021-09-21T13:07:06.997Z INFO webdriver: [POST] http://127.0.0.1:4723/wd/hub/session/c9554dcb-3e50-40b0-8d3f-0d02586e7314/element
2021-09-21T13:07:06.997Z INFO webdriver: DATA {
  using: '-android uiautomator',
  value: 'new UiSelector().resourceId("com.modanisa.debug:id/logo")'
}
2021-09-21T13:07:07.074Z INFO webdriver: RESULT {
  'element-6066-11e4-a52e-4f735466cecf': 'edb31a31-dd01-4814-b69e-a8c980ef7610',
  ELEMENT: 'edb31a31-dd01-4814-b69e-a8c980ef7610'
}
2021-09-21T13:07:07.077Z INFO webdriver: COMMAND isElementDisplayed("edb31a31-dd01-4814-b69e-a8c980ef7610")
2021-09-21T13:07:07.077Z INFO webdriver: [GET] http://127.0.0.1:4723/wd/hub/session/c9554dcb-3e50-40b0-8d3f-0d02586e7314/element/edb31a31-dd01-4814-b69e-a8c980ef7610/displayed
2021-09-21T13:07:07.194Z INFO webdriver: RESULT true
2021-09-21T13:07:07.207Z INFO webdriver: COMMAND findElement("-android uiautomator", "new UiSelector().resourceId("com.modanisa.debug:id/logo")")
2021-09-21T13:07:07.207Z INFO webdriver: [POST] http://127.0.0.1:4723/wd/hub/session/c9554dcb-3e50-40b0-8d3f-0d02586e7314/element
2021-09-21T13:07:07.207Z INFO webdriver: DATA {
  using: '-android uiautomator',
  value: 'new UiSelector().resourceId("com.modanisa.debug:id/logo")'
}
2021-09-21T13:07:07.273Z INFO webdriver: RESULT {
  'element-6066-11e4-a52e-4f735466cecf': '3163cd32-e2b1-42f3-9320-6161d4a1eaf2',
  ELEMENT: '3163cd32-e2b1-42f3-9320-6161d4a1eaf2'
}
2021-09-21T13:07:07.278Z INFO webdriver: COMMAND findElements("-android uiautomator", "new UiSelector().resourceId("com.modanisa.debug:id/logo")")
2021-09-21T13:07:07.278Z INFO webdriver: [POST] http://127.0.0.1:4723/wd/hub/session/c9554dcb-3e50-40b0-8d3f-0d02586e7314/elements
2021-09-21T13:07:07.278Z INFO webdriver: DATA {
  using: '-android uiautomator',
  value: 'new UiSelector().resourceId("com.modanisa.debug:id/logo")'
}
2021-09-21T13:07:07.412Z INFO webdriver: RESULT [
  {
    'element-6066-11e4-a52e-4f735466cecf': '5de0d3bd-b408-4a31-9878-1edb35f26b91',
    ELEMENT: '5de0d3bd-b408-4a31-9878-1edb35f26b91'
  }
]
2021-09-21T13:07:07.419Z INFO webdriver: COMMAND findElement("-android uiautomator", "new UiSelector().resourceId("com.modanisa.debug:id/logo")")
2021-09-21T13:07:07.419Z INFO webdriver: [POST] http://127.0.0.1:4723/wd/hub/session/c9554dcb-3e50-40b0-8d3f-0d02586e7314/element
2021-09-21T13:07:07.420Z INFO webdriver: DATA {
  using: '-android uiautomator',
  value: 'new UiSelector().resourceId("com.modanisa.debug:id/logo")'
}
2021-09-21T13:07:07.474Z INFO webdriver: RESULT {
  'element-6066-11e4-a52e-4f735466cecf': '2bd8b4da-9a38-4eac-b11b-2885b9fa215e',
  ELEMENT: '2bd8b4da-9a38-4eac-b11b-2885b9fa215e'
}
2021-09-21T13:07:07.477Z INFO webdriver: COMMAND isElementDisplayed("2bd8b4da-9a38-4eac-b11b-2885b9fa215e")
2021-09-21T13:07:07.477Z INFO webdriver: [GET] http://127.0.0.1:4723/wd/hub/session/c9554dcb-3e50-40b0-8d3f-0d02586e7314/element/2bd8b4da-9a38-4eac-b11b-2885b9fa215e/displayed
2021-09-21T13:07:07.592Z INFO webdriver: RESULT true
2021-09-21T13:07:07.595Z INFO webdriver: COMMAND findElement("-android uiautomator", "new UiSelector().resourceId("com.modanisa.debug:id/logo")")
2021-09-21T13:07:07.595Z INFO webdriver: [POST] http://127.0.0.1:4723/wd/hub/session/c9554dcb-3e50-40b0-8d3f-0d02586e7314/element
2021-09-21T13:07:07.595Z INFO webdriver: DATA {
  using: '-android uiautomator',
  value: 'new UiSelector().resourceId("com.modanisa.debug:id/logo")'
}
2021-09-21T13:07:07.660Z INFO webdriver: RESULT {
  'element-6066-11e4-a52e-4f735466cecf': '242c1141-c8d5-41cb-ae91-9be544eb97be',
  ELEMENT: '242c1141-c8d5-41cb-ae91-9be544eb97be'
}
2021-09-21T13:07:07.664Z INFO webdriver: COMMAND findElements("-android uiautomator", "new UiSelector().resourceId("com.modanisa.debug:id/logo")")
2021-09-21T13:07:07.664Z INFO webdriver: [POST] http://127.0.0.1:4723/wd/hub/session/c9554dcb-3e50-40b0-8d3f-0d02586e7314/elements
2021-09-21T13:07:07.664Z INFO webdriver: DATA {
  using: '-android uiautomator',
  value: 'new UiSelector().resourceId("com.modanisa.debug:id/logo")'
}
2021-09-21T13:07:07.797Z INFO webdriver: RESULT [
  {
    'element-6066-11e4-a52e-4f735466cecf': '13d63b05-8cb4-493b-9a02-2a68e436c136',
    ELEMENT: '13d63b05-8cb4-493b-9a02-2a68e436c136'
  }
]
2021-09-21T13:07:07.800Z INFO webdriver: COMMAND findElement("-android uiautomator", "new UiSelector().resourceId("com.modanisa.debug:id/logo")")
2021-09-21T13:07:07.800Z INFO webdriver: [POST] http://127.0.0.1:4723/wd/hub/session/c9554dcb-3e50-40b0-8d3f-0d02586e7314/element
2021-09-21T13:07:07.800Z INFO webdriver: DATA {
  using: '-android uiautomator',
  value: 'new UiSelector().resourceId("com.modanisa.debug:id/logo")'
}
2021-09-21T13:07:07.855Z INFO webdriver: RESULT {
  'element-6066-11e4-a52e-4f735466cecf': '5dd1c811-2a63-4a16-b39b-b00bcf8627c6',
  ELEMENT: '5dd1c811-2a63-4a16-b39b-b00bcf8627c6'
}
2021-09-21T13:07:07.858Z INFO webdriver: COMMAND isElementDisplayed("5dd1c811-2a63-4a16-b39b-b00bcf8627c6")
2021-09-21T13:07:07.858Z INFO webdriver: [GET] http://127.0.0.1:4723/wd/hub/session/c9554dcb-3e50-40b0-8d3f-0d02586e7314/element/5dd1c811-2a63-4a16-b39b-b00bcf8627c6/displayed
2021-09-21T13:07:07.946Z INFO webdriver: RESULT true
2021-09-21T13:07:07.952Z INFO webdriver: COMMAND getLogTypes()
2021-09-21T13:07:07.952Z INFO webdriver: [GET] http://127.0.0.1:4723/wd/hub/session/c9554dcb-3e50-40b0-8d3f-0d02586e7314/log/types
2021-09-21T13:07:07.955Z INFO webdriver: RESULT [ 'logcat', 'bugreport', 'server' ]
2021-09-21T13:07:07.955Z INFO webdriver: COMMAND getLogs("bugreport")
2021-09-21T13:07:07.956Z INFO webdriver: [POST] http://127.0.0.1:4723/wd/hub/session/c9554dcb-3e50-40b0-8d3f-0d02586e7314/log
2021-09-21T13:07:07.956Z INFO webdriver: DATA { type: 'bugreport' }
2021-09-21T13:07:07.956Z INFO webdriver: COMMAND getLogs("server")
2021-09-21T13:07:07.956Z INFO webdriver: [POST] http://127.0.0.1:4723/wd/hub/session/c9554dcb-3e50-40b0-8d3f-0d02586e7314/log
2021-09-21T13:07:07.956Z INFO webdriver: DATA { type: 'server' }
2021-09-21T13:07:07.956Z INFO webdriver: COMMAND getLogs("logcat")
2021-09-21T13:07:07.956Z INFO webdriver: [POST] http://127.0.0.1:4723/wd/hub/session/c9554dcb-3e50-40b0-8d3f-0d02586e7314/log
2021-09-21T13:07:07.956Z INFO webdriver: DATA { type: 'logcat' }
2021-09-21T13:08:38.295Z INFO @wdio/local-runner: Received SIGINT, giving process 5000ms to shutdown gracefully
2021-09-21T13:08:38.296Z INFO @wdio/local-runner: Run worker command: endSession
2021-09-21T13:08:38.297Z INFO webdriver: COMMAND deleteSession()
2021-09-21T13:08:38.297Z INFO webdriver: [DELETE] http://127.0.0.1:4723/wd/hub/session/c9554dcb-3e50-40b0-8d3f-0d02586e7314
